#
# There is insufficient memory for the Java Runtime Environment to continue.
# Native memory allocation (malloc) failed to allocate 997936 bytes for Chunk::new
# Possible reasons:
#   The system is out of physical RAM or swap space
#   The process is running with CompressedOops enabled, and the Java Heap may be blocking the growth of the native heap
# Possible solutions:
#   Reduce memory load on the system
#   Increase physical memory or swap space
#   Check if swap backing store is full
#   Decrease Java heap size (-Xmx/-Xms)
#   Decrease number of Java threads
#   Decrease Java thread stack sizes (-Xss)
#   Set larger code cache with -XX:ReservedCodeCacheSize=
#   JVM is running with Unscaled Compressed Oops mode in which the Java heap is
#     placed in the first 4GB address space. The Java Heap base address is the
#     maximum limit for the native heap growth. Please use -XX:HeapBaseMinAddress
#     to set the Java Heap base and to place the Java Heap above 4GB virtual address.
# This output file may be truncated or incomplete.
#
#  Out of Memory Error (allocation.cpp:389), pid=27416, tid=0x00000000000019d0
#
# JRE version: Java(TM) SE Runtime Environment (8.0_202-b08) (build 1.8.0_202-b08)
# Java VM: Java HotSpot(TM) 64-Bit Server VM (25.202-b08 mixed mode windows-amd64 compressed oops)
# Failed to write core dump. Minidumps are not enabled by default on client versions of Windows
#

---------------  T H R E A D  ---------------

Current thread (0x0000000017e60000):  JavaThread "C2 CompilerThread0" daemon [_thread_in_native, id=6608, stack(0x00000000194b0000,0x00000000195b0000)]

Stack: [0x00000000194b0000,0x00000000195b0000]
[error occurred during error reporting (printing stack bounds), id 0xc0000005]

Native frames: (J=compiled Java code, j=interpreted, Vv=VM code, C=native code)


Current CompileTask:
C2:   2068  418 %     4       com.sun.tools.javac.file.ZipFileIndex$ZipDirectory::readEntry @ 102 (587 bytes)


---------------  P R O C E S S  ---------------

Java Threads: ( => current thread )
  0x0000000017ebe000 JavaThread "Service Thread" daemon [_thread_blocked, id=12216, stack(0x0000000019bb0000,0x0000000019cb0000)]
  0x0000000017e6d000 JavaThread "C1 CompilerThread2" daemon [_thread_blocked, id=1084, stack(0x00000000196b0000,0x00000000197b0000)]
  0x0000000017e65000 JavaThread "C2 CompilerThread1" daemon [_thread_in_native, id=19104, stack(0x00000000195b0000,0x00000000196b0000)]
=>0x0000000017e60000 JavaThread "C2 CompilerThread0" daemon [_thread_in_native, id=6608, stack(0x00000000194b0000,0x00000000195b0000)]
  0x0000000017e5d000 JavaThread "Attach Listener" daemon [_thread_blocked, id=7276, stack(0x00000000193b0000,0x00000000194b0000)]
  0x0000000017e5b800 JavaThread "Signal Dispatcher" daemon [_thread_blocked, id=25460, stack(0x00000000192b0000,0x00000000193b0000)]
  0x00000000032fb800 JavaThread "Finalizer" daemon [_thread_blocked, id=15924, stack(0x00000000190b0000,0x00000000191b0000)]
  0x0000000017e4a000 JavaThread "Reference Handler" daemon [_thread_blocked, id=26032, stack(0x0000000018fb0000,0x00000000190b0000)]
  0x0000000003203000 JavaThread "main" [_thread_in_Java, id=26180, stack(0x0000000003100000,0x0000000003200000)]

Other Threads:
  0x0000000017e28000 VMThread [stack: 0x0000000018eb0000,0x0000000018fb0000] [id=26412]
  0x00000000197d2800 WatcherThread [stack: 0x0000000019cb0000,0x0000000019db0000] [id=13192]

VM state:not at safepoint (normal execution)

VM Mutex/Monitor currently owned by a thread: None

heap address: 0x0000000081600000, size: 2026 MB, Compressed Oops mode: 32-bit
Narrow klass base: 0x0000000000000000, Narrow klass shift: 3
Compressed class space size: 1073741824 Address: 0x0000000100000000

Heap:
 PSYoungGen      total 15360K, used 8667K [0x00000000d5d00000, 0x00000000d7580000, 0x0000000100000000)
  eden space 11264K, 40% used [0x00000000d5d00000,0x00000000d617c900,0x00000000d6800000)
  from space 4096K, 99% used [0x00000000d6800000,0x00000000d6bfa3f8,0x00000000d6c00000)
  to   space 5120K, 0% used [0x00000000d7080000,0x00000000d7080000,0x00000000d7580000)
 ParOldGen       total 10240K, used 4983K [0x0000000081600000, 0x0000000082000000, 0x00000000d5d00000)
  object space 10240K, 48% used [0x0000000081600000,0x0000000081adddf0,0x0000000082000000)
 Metaspace       used 7520K, capacity 8372K, committed 8704K, reserved 1056768K
  class space    used 908K, capacity 944K, committed 1024K, reserved 1048576K

Card table byte_map: [0x00000000126c0000,0x0000000012ac0000] byte_map_base: 0x00000000122b5000

Marking Bits: (ParMarkBitMap*) 0x0000000067545ce0
 Begin Bits: [0x0000000013170000, 0x0000000015118000)
 End Bits:   [0x0000000015118000, 0x00000000170c0000)

Polling page: 0x00000000013d0000

CodeCache: size=245760Kb used=2747Kb max_used=2747Kb free=243013Kb
 bounds [0x0000000003300000, 0x00000000035c0000, 0x0000000012300000]
 total_blobs=922 nmethods=636 adapters=199
 compilation: enabled

Compilation events (10 events):
Event: 2.047 Thread 0x0000000017e6d000  637       3       com.sun.tools.javac.jvm.ClassReader::readClassSymbol (55 bytes)
Event: 2.048 Thread 0x0000000017e6d000 nmethod 637 0x00000000035adb50 code [0x00000000035adda0, 0x00000000035aec98]
Event: 2.049 Thread 0x0000000017e6d000  638       1       com.sun.tools.javac.code.Type$JCNoType::getTag (4 bytes)
Event: 2.049 Thread 0x0000000017e6d000 nmethod 638 0x00000000035af3d0 code [0x00000000035af520, 0x00000000035af630]
Event: 2.050 Thread 0x0000000017e6d000  639       3       com.sun.tools.javac.tree.JCTree$JCFieldAccess::getTag (4 bytes)
Event: 2.050 Thread 0x0000000017e6d000 nmethod 639 0x00000000035af690 code [0x00000000035af7e0, 0x00000000035af930]
Event: 2.050 Thread 0x0000000017e6d000  640       3       com.sun.tools.javac.comp.Check$1::inferenceContext (11 bytes)
Event: 2.050 Thread 0x0000000017e6d000 nmethod 640 0x00000000035af9d0 code [0x00000000035afb20, 0x00000000035afc90]
Event: 2.050 Thread 0x0000000017e6d000  641       3       com.sun.tools.javac.tree.JCTree$JCIdent::getTag (4 bytes)
Event: 2.050 Thread 0x0000000017e6d000 nmethod 641 0x00000000035afd50 code [0x00000000035afea0, 0x00000000035afff0]

GC Heap History (10 events):
Event: 1.040 GC heap before
{Heap before GC invocations=4 (full 0):
 PSYoungGen      total 3584K, used 3567K [0x00000000d5d00000, 0x00000000d6400000, 0x0000000100000000)
  eden space 3072K, 100% used [0x00000000d5d00000,0x00000000d6000000,0x00000000d6000000)
  from space 512K, 96% used [0x00000000d6000000,0x00000000d607bc20,0x00000000d6080000)
  to   space 512K, 0% used [0x00000000d6380000,0x00000000d6380000,0x00000000d6400000)
 ParOldGen       total 5632K, used 600K [0x0000000081600000, 0x0000000081b80000, 0x00000000d5d00000)
  object space 5632K, 10% used [0x0000000081600000,0x0000000081696040,0x0000000081b80000)
 Metaspace       used 6034K, capacity 7276K, committed 7552K, reserved 1056768K
  class space    used 759K, capacity 808K, committed 896K, reserved 1048576K
Event: 1.041 GC heap after
Heap after GC invocations=4 (full 0):
 PSYoungGen      total 6656K, used 480K [0x00000000d5d00000, 0x00000000d6400000, 0x0000000100000000)
  eden space 6144K, 0% used [0x00000000d5d00000,0x00000000d5d00000,0x00000000d6300000)
  from space 512K, 93% used [0x00000000d6380000,0x00000000d63f8020,0x00000000d6400000)
  to   space 512K, 0% used [0x00000000d6300000,0x00000000d6300000,0x00000000d6380000)
 ParOldGen       total 5632K, used 912K [0x0000000081600000, 0x0000000081b80000, 0x00000000d5d00000)
  object space 5632K, 16% used [0x0000000081600000,0x00000000816e4040,0x0000000081b80000)
 Metaspace       used 6034K, capacity 7276K, committed 7552K, reserved 1056768K
  class space    used 759K, capacity 808K, committed 896K, reserved 1048576K
}
Event: 1.493 GC heap before
{Heap before GC invocations=5 (full 0):
 PSYoungGen      total 6656K, used 6624K [0x00000000d5d00000, 0x00000000d6400000, 0x0000000100000000)
  eden space 6144K, 100% used [0x00000000d5d00000,0x00000000d6300000,0x00000000d6300000)
  from space 512K, 93% used [0x00000000d6380000,0x00000000d63f8020,0x00000000d6400000)
  to   space 512K, 0% used [0x00000000d6300000,0x00000000d6300000,0x00000000d6380000)
 ParOldGen       total 5632K, used 912K [0x0000000081600000, 0x0000000081b80000, 0x00000000d5d00000)
  object space 5632K, 16% used [0x0000000081600000,0x00000000816e4040,0x0000000081b80000)
 Metaspace       used 7219K, capacity 8148K, committed 8448K, reserved 1056768K
  class space    used 888K, capacity 912K, committed 1024K, reserved 1048576K
Event: 1.532 GC heap after
Heap after GC invocations=5 (full 0):
 PSYoungGen      total 6656K, used 480K [0x00000000d5d00000, 0x00000000d7000000, 0x0000000100000000)
  eden space 6144K, 0% used [0x00000000d5d00000,0x00000000d5d00000,0x00000000d6300000)
  from space 512K, 93% used [0x00000000d6300000,0x00000000d6378020,0x00000000d6380000)
  to   space 3584K, 0% used [0x00000000d6c80000,0x00000000d6c80000,0x00000000d7000000)
 ParOldGen       total 5632K, used 4506K [0x0000000081600000, 0x0000000081b80000, 0x00000000d5d00000)
  object space 5632K, 80% used [0x0000000081600000,0x0000000081a669d0,0x0000000081b80000)
 Metaspace       used 7219K, capacity 8148K, committed 8448K, reserved 1056768K
  class space    used 888K, capacity 912K, committed 1024K, reserved 1048576K
}
Event: 1.532 GC heap before
{Heap before GC invocations=6 (full 1):
 PSYoungGen      total 6656K, used 480K [0x00000000d5d00000, 0x00000000d7000000, 0x0000000100000000)
  eden space 6144K, 0% used [0x00000000d5d00000,0x00000000d5d00000,0x00000000d6300000)
  from space 512K, 93% used [0x00000000d6300000,0x00000000d6378020,0x00000000d6380000)
  to   space 3584K, 0% used [0x00000000d6c80000,0x00000000d6c80000,0x00000000d7000000)
 ParOldGen       total 5632K, used 4506K [0x0000000081600000, 0x0000000081b80000, 0x00000000d5d00000)
  object space 5632K, 80% used [0x0000000081600000,0x0000000081a669d0,0x0000000081b80000)
 Metaspace       used 7219K, capacity 8148K, committed 8448K, reserved 1056768K
  class space    used 888K, capacity 912K, committed 1024K, reserved 1048576K
Event: 1.584 GC heap after
Heap after GC invocations=6 (full 1):
 PSYoungGen      total 6656K, used 0K [0x00000000d5d00000, 0x00000000d7000000, 0x0000000100000000)
  eden space 6144K, 0% used [0x00000000d5d00000,0x00000000d5d00000,0x00000000d6300000)
  from space 512K, 0% used [0x00000000d6300000,0x00000000d6300000,0x00000000d6380000)
  to   space 3584K, 0% used [0x00000000d6c80000,0x00000000d6c80000,0x00000000d7000000)
 ParOldGen       total 10240K, used 4847K [0x0000000081600000, 0x0000000082000000, 0x00000000d5d00000)
  object space 10240K, 47% used [0x0000000081600000,0x0000000081abbdf0,0x0000000082000000)
 Metaspace       used 7219K, capacity 8148K, committed 8448K, reserved 1056768K
  class space    used 888K, capacity 912K, committed 1024K, reserved 1048576K
}
Event: 1.789 GC heap before
{Heap before GC invocations=7 (full 1):
 PSYoungGen      total 6656K, used 6144K [0x00000000d5d00000, 0x00000000d7000000, 0x0000000100000000)
  eden space 6144K, 100% used [0x00000000d5d00000,0x00000000d6300000,0x00000000d6300000)
  from space 512K, 0% used [0x00000000d6300000,0x00000000d6300000,0x00000000d6380000)
  to   space 3584K, 0% used [0x00000000d6c80000,0x00000000d6c80000,0x00000000d7000000)
 ParOldGen       total 10240K, used 4847K [0x0000000081600000, 0x0000000082000000, 0x00000000d5d00000)
  object space 10240K, 47% used [0x0000000081600000,0x0000000081abbdf0,0x0000000082000000)
 Metaspace       used 7310K, capacity 8244K, committed 8448K, reserved 1056768K
  class space    used 895K, capacity 944K, committed 1024K, reserved 1048576K
Event: 1.798 GC heap after
Heap after GC invocations=7 (full 1):
 PSYoungGen      total 12800K, used 3331K [0x00000000d5d00000, 0x00000000d7000000, 0x0000000100000000)
  eden space 9216K, 0% used [0x00000000d5d00000,0x00000000d5d00000,0x00000000d6600000)
  from space 3584K, 92% used [0x00000000d6c80000,0x00000000d6fc0c78,0x00000000d7000000)
  to   space 4096K, 0% used [0x00000000d6800000,0x00000000d6800000,0x00000000d6c00000)
 ParOldGen       total 10240K, used 4847K [0x0000000081600000, 0x0000000082000000, 0x00000000d5d00000)
  object space 10240K, 47% used [0x0000000081600000,0x0000000081abbdf0,0x0000000082000000)
 Metaspace       used 7310K, capacity 8244K, committed 8448K, reserved 1056768K
  class space    used 895K, capacity 944K, committed 1024K, reserved 1048576K
}
Event: 1.963 GC heap before
{Heap before GC invocations=8 (full 1):
 PSYoungGen      total 12800K, used 12547K [0x00000000d5d00000, 0x00000000d7000000, 0x0000000100000000)
  eden space 9216K, 100% used [0x00000000d5d00000,0x00000000d6600000,0x00000000d6600000)
  from space 3584K, 92% used [0x00000000d6c80000,0x00000000d6fc0c78,0x00000000d7000000)
  to   space 4096K, 0% used [0x00000000d6800000,0x00000000d6800000,0x00000000d6c00000)
 ParOldGen       total 10240K, used 4847K [0x0000000081600000, 0x0000000082000000, 0x00000000d5d00000)
  object space 10240K, 47% used [0x0000000081600000,0x0000000081abbdf0,0x0000000082000000)
 Metaspace       used 7462K, capacity 8372K, committed 8704K, reserved 1056768K
  class space    used 902K, capacity 944K, committed 1024K, reserved 1048576K
Event: 1.976 GC heap after
Heap after GC invocations=8 (full 1):
 PSYoungGen      total 15360K, used 4072K [0x00000000d5d00000, 0x00000000d7580000, 0x0000000100000000)
  eden space 11264K, 0% used [0x00000000d5d00000,0x00000000d5d00000,0x00000000d6800000)
  from space 4096K, 99% used [0x00000000d6800000,0x00000000d6bfa3f8,0x00000000d6c00000)
  to   space 5120K, 0% used [0x00000000d7080000,0x00000000d7080000,0x00000000d7580000)
 ParOldGen       total 10240K, used 4983K [0x0000000081600000, 0x0000000082000000, 0x00000000d5d00000)
  object space 10240K, 48% used [0x0000000081600000,0x0000000081adddf0,0x0000000082000000)
 Metaspace       used 7462K, capacity 8372K, committed 8704K, reserved 1056768K
  class space    used 902K, capacity 944K, committed 1024K, reserved 1048576K
}

Deoptimization events (6 events):
Event: 1.211 Thread 0x0000000003203000 Uncommon trap: reason=unstable_if action=reinterpret pc=0x0000000003477cac method=java.lang.String.replace(CC)Ljava/lang/String; @ 26
Event: 1.226 Thread 0x0000000003203000 Uncommon trap: reason=class_check action=maybe_recompile pc=0x000000000349ad84 method=sun.misc.URLClassPath.getLoader(I)Lsun/misc/URLClassPath$Loader; @ 94
Event: 1.413 Thread 0x0000000003203000 Uncommon trap: reason=unstable_if action=reinterpret pc=0x00000000034c2c78 method=java.lang.String.<init>([CII)V @ 18
Event: 1.895 Thread 0x0000000003203000 Uncommon trap: reason=unstable_if action=reinterpret pc=0x000000000354bb40 method=com.sun.tools.javac.util.Name$Table.equals([BI[BII)Z @ 22
Event: 2.020 Thread 0x0000000003203000 Uncommon trap: reason=class_check action=maybe_recompile pc=0x000000000358e398 method=com.sun.tools.javac.util.List.prependList(Lcom/sun/tools/javac/util/List;)Lcom/sun/tools/javac/util/List; @ 1
Event: 2.038 Thread 0x0000000003203000 Uncommon trap: reason=class_check action=maybe_recompile pc=0x000000000358e398 method=com.sun.tools.javac.util.List.prependList(Lcom/sun/tools/javac/util/List;)Lcom/sun/tools/javac/util/List; @ 1

Classes redefined (0 events):
No events

Internal exceptions (10 events):
Event: 0.059 Thread 0x0000000003203000 Exception <a 'java/lang/NoSuchMethodError': Method sun.misc.Unsafe.defineClass(Ljava/lang/String;[BII)Ljava/lang/Class; name or signature does not match> (0x00000000d5d07cd8) thrown at [C:\re\workspace\8-2-build-windows-amd64-cygwin\jdk8u202\12323\hotspot
Event: 0.059 Thread 0x0000000003203000 Exception <a 'java/lang/NoSuchMethodError': Method sun.misc.Unsafe.prefetchRead(Ljava/lang/Object;J)V name or signature does not match> (0x00000000d5d07fc0) thrown at [C:\re\workspace\8-2-build-windows-amd64-cygwin\jdk8u202\12323\hotspot\src\share\vm\prim
Event: 0.375 Thread 0x0000000003203000 Exception <a 'java/security/PrivilegedActionException'> (0x00000000d5e675d8) thrown at [C:\re\workspace\8-2-build-windows-amd64-cygwin\jdk8u202\12323\hotspot\src\share\vm\prims\jvm.cpp, line 1502]
Event: 0.375 Thread 0x0000000003203000 Exception <a 'java/security/PrivilegedActionException'> (0x00000000d5e679d0) thrown at [C:\re\workspace\8-2-build-windows-amd64-cygwin\jdk8u202\12323\hotspot\src\share\vm\prims\jvm.cpp, line 1502]
Event: 0.378 Thread 0x0000000003203000 Exception <a 'java/security/PrivilegedActionException'> (0x00000000d5e6bac8) thrown at [C:\re\workspace\8-2-build-windows-amd64-cygwin\jdk8u202\12323\hotspot\src\share\vm\prims\jvm.cpp, line 1502]
Event: 0.378 Thread 0x0000000003203000 Exception <a 'java/security/PrivilegedActionException'> (0x00000000d5e6bec0) thrown at [C:\re\workspace\8-2-build-windows-amd64-cygwin\jdk8u202\12323\hotspot\src\share\vm\prims\jvm.cpp, line 1502]
Event: 0.401 Thread 0x0000000003203000 Exception <a 'java/security/PrivilegedActionException'> (0x00000000d5d131f0) thrown at [C:\re\workspace\8-2-build-windows-amd64-cygwin\jdk8u202\12323\hotspot\src\share\vm\prims\jvm.cpp, line 1502]
Event: 0.401 Thread 0x0000000003203000 Exception <a 'java/security/PrivilegedActionException'> (0x00000000d5d135e8) thrown at [C:\re\workspace\8-2-build-windows-amd64-cygwin\jdk8u202\12323\hotspot\src\share\vm\prims\jvm.cpp, line 1502]
Event: 1.608 Thread 0x0000000003203000 Exception <a 'java/io/FileNotFoundException'> (0x00000000d5df04f8) thrown at [C:\re\workspace\8-2-build-windows-amd64-cygwin\jdk8u202\12323\hotspot\src\share\vm\prims\jni.cpp, line 710]
Event: 1.623 Thread 0x0000000003203000 Exception <a 'java/io/FileNotFoundException'> (0x00000000d5e47490) thrown at [C:\re\workspace\8-2-build-windows-amd64-cygwin\jdk8u202\12323\hotspot\src\share\vm\prims\jni.cpp, line 710]

Events (10 events):
Event: 2.035 loading class com/sun/tools/javac/comp/MemberEnter$6 done
Event: 2.036 loading class com/sun/tools/javac/code/TypeAnnotations$1
Event: 2.036 loading class com/sun/tools/javac/code/TypeAnnotations$1 done
Event: 2.036 loading class com/sun/tools/javac/code/TypeAnnotations$2
Event: 2.036 loading class com/sun/tools/javac/code/TypeAnnotations$2 done
Event: 2.038 Thread 0x0000000003203000 Uncommon trap: trap_request=0xffffffde fr.pc=0x000000000358e398
Event: 2.038 Thread 0x0000000003203000 DEOPT PACKING pc=0x000000000358e398 sp=0x00000000031fe8f0
Event: 2.038 Thread 0x0000000003203000 DEOPT UNPACKING pc=0x000000000334583b sp=0x00000000031fe890 mode 2
Event: 2.058 loading class com/sun/tools/javac/code/Types$27
Event: 2.058 loading class com/sun/tools/javac/code/Types$27 done


Dynamic libraries:
0x00007ff73ad30000 - 0x00007ff73ad37000 	C:\Program Files\Java\jdk1.8.0_202\bin\javac.exe
0x00007ffff69f0000 - 0x00007ffff6be8000 	C:\WINDOWS\SYSTEM32\ntdll.dll
0x00007ffff4a30000 - 0x00007ffff4aef000 	C:\WINDOWS\System32\KERNEL32.DLL
0x00007ffff40e0000 - 0x00007ffff43b2000 	C:\WINDOWS\System32\KERNELBASE.dll
0x00007fffb7b00000 - 0x00007fffb7b2f000 	C:\Program Files\Java\jdk1.8.0_202\bin\jli.dll
0x00007ffff5d30000 - 0x00007ffff5dde000 	C:\WINDOWS\System32\ADVAPI32.dll
0x00000000682e0000 - 0x00000000683b2000 	C:\Program Files\Java\jdk1.8.0_202\bin\MSVCR100.dll
0x00007ffff4c40000 - 0x00007ffff4cde000 	C:\WINDOWS\System32\msvcrt.dll
0x00007ffff4e90000 - 0x00007ffff4f2c000 	C:\WINDOWS\System32\sechost.dll
0x00007ffff5de0000 - 0x00007ffff5f05000 	C:\WINDOWS\System32\RPCRT4.dll
0x00007ffff4ce0000 - 0x00007ffff4e81000 	C:\WINDOWS\System32\USER32.dll
0x00007ffff4800000 - 0x00007ffff4822000 	C:\WINDOWS\System32\win32u.dll
0x00007ffff5020000 - 0x00007ffff504b000 	C:\WINDOWS\System32\GDI32.dll
0x00007fffd0ff0000 - 0x00007fffd128a000 	C:\WINDOWS\WinSxS\amd64_microsoft.windows.common-controls_6595b64144ccf1df_6.0.19041.1110_none_60b5254171f9507e\COMCTL32.dll
0x00007ffff46f0000 - 0x00007ffff47ff000 	C:\WINDOWS\System32\gdi32full.dll
0x00007ffff43c0000 - 0x00007ffff445d000 	C:\WINDOWS\System32\msvcp_win.dll
0x00007ffff4830000 - 0x00007ffff4930000 	C:\WINDOWS\System32\ucrtbase.dll
0x00007ffff5130000 - 0x00007ffff5162000 	C:\WINDOWS\System32\IMM32.DLL
0x0000000067910000 - 0x00000000679e2000 	C:\Program Files\Java\jdk1.8.0_202\jre\bin\msvcr100.dll
0x0000000066d20000 - 0x00000000675c5000 	C:\Program Files\Java\jdk1.8.0_202\jre\bin\server\jvm.dll
0x00007ffff5500000 - 0x00007ffff5508000 	C:\WINDOWS\System32\PSAPI.DLL
0x00007fffd9ed0000 - 0x00007fffd9ed9000 	C:\WINDOWS\SYSTEM32\WSOCK32.dll
0x00007fffda210000 - 0x00007fffda237000 	C:\WINDOWS\SYSTEM32\WINMM.dll
0x00007ffff5f10000 - 0x00007ffff5f7b000 	C:\WINDOWS\System32\WS2_32.dll
0x00007fffec460000 - 0x00007fffec46a000 	C:\WINDOWS\SYSTEM32\VERSION.dll
0x00007fffcc650000 - 0x00007fffcc65f000 	C:\Program Files\Java\jdk1.8.0_202\jre\bin\verify.dll
0x00007fffb4bd0000 - 0x00007fffb4bf9000 	C:\Program Files\Java\jdk1.8.0_202\jre\bin\java.dll
0x00007fffc4ae0000 - 0x00007fffc4af6000 	C:\Program Files\Java\jdk1.8.0_202\jre\bin\zip.dll
0x00007ffff5f80000 - 0x00007ffff66c4000 	C:\WINDOWS\System32\SHELL32.dll
0x00007ffff1de0000 - 0x00007ffff2572000 	C:\WINDOWS\SYSTEM32\windows.storage.dll
0x00007ffff51a0000 - 0x00007ffff54f5000 	C:\WINDOWS\System32\combase.dll
0x00007ffff3a60000 - 0x00007ffff3a90000 	C:\WINDOWS\SYSTEM32\Wldp.dll
0x00007ffff66d0000 - 0x00007ffff677d000 	C:\WINDOWS\System32\SHCORE.dll
0x00007ffff5730000 - 0x00007ffff5785000 	C:\WINDOWS\System32\shlwapi.dll
0x00007ffff4020000 - 0x00007ffff403f000 	C:\WINDOWS\SYSTEM32\profapi.dll

VM Arguments:
jvm_args: -Dapplication.home=C:\Program Files\Java\jdk1.8.0_202 -Xms8m 
java_command: com.sun.tools.javac.Main -d C:\Users\adamm\OneDrive - University College Cork\IS2209\JavaFXProject\build\classes -classpath C:\Users\adamm\OneDrive - University College Cork\IS2209\JavaFXProject\build\classes;C:\Program Files\Java\jdk1.8.0_202\jre\lib\javaws.jar;C:\Program Files\Java\jdk1.8.0_202\jre\lib\deploy.jar;C:\Program Files\Java\jdk1.8.0_202\jre\lib\plugin.jar -sourcepath C:\Users\adamm\OneDrive - University College Cork\IS2209\JavaFXProject\build\empty -target 1.8 -encoding UTF-8 -g -processorpath C:\Program Files\Java\jdk1.8.0_202\jre\lib\javaws.jar;C:\Program Files\Java\jdk1.8.0_202\jre\lib\deploy.jar;C:\Program Files\Java\jdk1.8.0_202\jre\lib\plugin.jar;C:\Users\adamm\OneDrive - University College Cork\IS2209\JavaFXProject\build\empty -s C:\Users\adamm\OneDrive - University College Cork\IS2209\JavaFXProject\build\generated-sources\ap-source-output -source 1.8 C:\Users\adamm\OneDrive - University College Cork\IS2209\JavaFXProject\src\javafxproject\FXMLDocumentController.java C:\Users\adamm\OneDrive - University College Cork\IS2209\JavaFXProject\src\javafxproject\JavaFXProject.java C:\Users\adamm\OneDrive - University College Cork\IS2209\JavaFXProject\src\javafxproject\SignUpFXMLController.java
java_class_path (initial): C:\Program Files\Java\jdk1.8.0_202/lib/tools.jar;C:\Program Files\Java\jdk1.8.0_202/classes
Launcher Type: SUN_STANDARD

Environment Variables:
PATH=C:\Program Files (x86)\Common Files\Oracle\Java\javapath;C:\Program Files\Common Files\Oracle\Java\javapath;C:\WINDOWS\system32;C:\WINDOWS;C:\WINDOWS\System32\Wbem;C:\WINDOWS\System32\WindowsPowerShell\v1.0\;C:\WINDOWS\System32\OpenSSH\;C:\Program Files\Microsoft SQL Server\130\Tools\Binn\;C:\Program Files\Microsoft SQL Server\Client SDK\ODBC\170\Tools\Binn\;C:\Program Files\dotnet\;C:\Program Files\Microsoft SQL Server\150\Tools\Binn\;C:\Program Files (x86)\Microsoft SQL Server\150\Tools\Binn\;C:\Program Files\Microsoft SQL Server\150\DTS\Binn\;C:\Users\adamm\AppData\Local\Microsoft\WindowsApps;C:\Users\adamm\.dotnet\tools
USERNAME=adamm
OS=Windows_NT
PROCESSOR_IDENTIFIER=Intel64 Family 6 Model 142 Stepping 9, GenuineIntel



---------------  S Y S T E M  ---------------

OS: Windows 10.0 , 64 bit Build 19041 (10.0.19041.2364)

CPU:total 4 (initial active 4) (2 cores per cpu, 2 threads per core) family 6 model 142 stepping 9, cmov, cx8, fxsr, mmx, sse, sse2, sse3, ssse3, sse4.1, sse4.2, popcnt, avx, avx2, aes, clmul, erms, 3dnowpref, lzcnt, ht, tsc, tscinvbit, bmi1, bmi2, adx

Memory: 4k page, physical 8297572k(537452k free), swap 23817532k(5620k free)

vm_info: Java HotSpot(TM) 64-Bit Server VM (25.202-b08) for windows-amd64 JRE (1.8.0_202-b08), built on Dec 15 2018 19:54:30 by "java_re" with MS VC++ 10.0 (VS2010)

time: Wed Feb 15 11:47:07 2023
timezone: GMT Standard Time
elapsed time: 2 seconds (0d 0h 0m 2s)

