#
# There is insufficient memory for the Java Runtime Environment to continue.
# Native memory allocation (malloc) failed to allocate 32744 bytes for ChunkPool::allocate
# Possible reasons:
#   The system is out of physical RAM or swap space
#   The process is running with CompressedOops enabled, and the Java Heap may be blocking the growth of the native heap
# Possible solutions:
#   Reduce memory load on the system
#   Increase physical memory or swap space
#   Check if swap backing store is full
#   Decrease Java heap size (-Xmx/-Xms)
#   Decrease number of Java threads
#   Decrease Java thread stack sizes (-Xss)
#   Set larger code cache with -XX:ReservedCodeCacheSize=
#   JVM is running with Unscaled Compressed Oops mode in which the Java heap is
#     placed in the first 4GB address space. The Java Heap base address is the
#     maximum limit for the native heap growth. Please use -XX:HeapBaseMinAddress
#     to set the Java Heap base and to place the Java Heap above 4GB virtual address.
# This output file may be truncated or incomplete.
#
#  Out of Memory Error (allocation.cpp:272), pid=18460, tid=0x00000000000060e0
#
# JRE version: Java(TM) SE Runtime Environment (8.0_202-b08) (build 1.8.0_202-b08)
# Java VM: Java HotSpot(TM) 64-Bit Server VM (25.202-b08 mixed mode windows-amd64 compressed oops)
# Failed to write core dump. Minidumps are not enabled by default on client versions of Windows
#

---------------  T H R E A D  ---------------

Current thread (0x000000001792c800):  JavaThread "C1 CompilerThread2" daemon [_thread_in_native, id=24800, stack(0x0000000019160000,0x0000000019260000)]

Stack: [0x0000000019160000,0x0000000019260000]
[error occurred during error reporting (printing stack bounds), id 0xc0000005]

Native frames: (J=compiled Java code, j=interpreted, Vv=VM code, C=native code)


Current CompileTask:
C1:   1677  653   !   3       java.net.URL::<init> (543 bytes)


---------------  P R O C E S S  ---------------

Java Threads: ( => current thread )
  0x0000000019658000 JavaThread "Thread-3" daemon [_thread_in_native, id=1012, stack(0x000000001e7f0000,0x000000001e8f0000)]
  0x0000000019655000 JavaThread "JavaFX-Launcher" [_thread_blocked, id=18060, stack(0x000000001e8f0000,0x000000001e9f0000)]
  0x0000000019642000 JavaThread "JavaFX Application Thread" [_thread_in_vm, id=28044, stack(0x0000000019ef0000,0x0000000019ff0000)]
  0x00000000195ea000 JavaThread "Thread-1" daemon [_thread_blocked, id=16148, stack(0x0000000019df0000,0x0000000019ef0000)]
  0x00000000195c5800 JavaThread "QuantumRenderer-0" daemon [_thread_blocked, id=15916, stack(0x00000000199e0000,0x0000000019ae0000)]
  0x0000000019291000 JavaThread "Service Thread" daemon [_thread_blocked, id=20624, stack(0x0000000019660000,0x0000000019760000)]
=>0x000000001792c800 JavaThread "C1 CompilerThread2" daemon [_thread_in_native, id=24800, stack(0x0000000019160000,0x0000000019260000)]
  0x000000001791b800 JavaThread "C2 CompilerThread1" daemon [_thread_in_native, id=12388, stack(0x0000000019060000,0x0000000019160000)]
  0x0000000017918000 JavaThread "C2 CompilerThread0" daemon [_thread_in_native, id=21456, stack(0x0000000018f60000,0x0000000019060000)]
  0x0000000017915000 JavaThread "Attach Listener" daemon [_thread_blocked, id=26108, stack(0x0000000018e60000,0x0000000018f60000)]
  0x0000000017914000 JavaThread "Signal Dispatcher" daemon [_thread_blocked, id=26780, stack(0x0000000018d60000,0x0000000018e60000)]
  0x0000000002daa800 JavaThread "Finalizer" daemon [_thread_blocked, id=13632, stack(0x0000000018b60000,0x0000000018c60000)]
  0x0000000002da2000 JavaThread "Reference Handler" daemon [_thread_blocked, id=19340, stack(0x0000000018a60000,0x0000000018b60000)]
  0x0000000002cae800 JavaThread "main" [_thread_blocked, id=13040, stack(0x0000000002b00000,0x0000000002c00000)]

Other Threads:
  0x00000000178d7000 VMThread [stack: 0x0000000018960000,0x0000000018a60000] [id=4568]
  0x000000001796e800 WatcherThread [stack: 0x0000000019760000,0x0000000019860000] [id=11508]

VM state:not at safepoint (normal execution)

VM Mutex/Monitor currently owned by a thread: None

heap address: 0x0000000081600000, size: 2026 MB, Compressed Oops mode: 32-bit
Narrow klass base: 0x0000000000000000, Narrow klass shift: 3
Compressed class space size: 1073741824 Address: 0x0000000100000000

Heap:
 PSYoungGen      total 38400K, used 17727K [0x00000000d5d00000, 0x00000000d8780000, 0x0000000100000000)
  eden space 33280K, 53% used [0x00000000d5d00000,0x00000000d6e4fea8,0x00000000d7d80000)
  from space 5120K, 0% used [0x00000000d8280000,0x00000000d8280000,0x00000000d8780000)
  to   space 5120K, 0% used [0x00000000d7d80000,0x00000000d7d80000,0x00000000d8280000)
 ParOldGen       total 87552K, used 0K [0x0000000081600000, 0x0000000086b80000, 0x00000000d5d00000)
  object space 87552K, 0% used [0x0000000081600000,0x0000000081600000,0x0000000086b80000)
 Metaspace       used 10131K, capacity 10468K, committed 10624K, reserved 1058816K
  class space    used 1268K, capacity 1370K, committed 1408K, reserved 1048576K

Card table byte_map: [0x0000000012170000,0x0000000012570000] byte_map_base: 0x0000000011d65000

Marking Bits: (ParMarkBitMap*) 0x0000000067545ce0
 Begin Bits: [0x0000000012c20000, 0x0000000014bc8000)
 End Bits:   [0x0000000014bc8000, 0x0000000016b70000)

Polling page: 0x0000000002920000

CodeCache: size=245760Kb used=2656Kb max_used=2656Kb free=243103Kb
 bounds [0x0000000002db0000, 0x0000000003050000, 0x0000000011db0000]
 total_blobs=1048 nmethods=652 adapters=309
 compilation: enabled

Compilation events (10 events):
Event: 1.660 Thread 0x000000001792c800  648       3       com.sun.javafx.css.SelectorPartitioning$Partition::partition (50 bytes)
Event: 1.661 Thread 0x000000001792c800 nmethod 648 0x0000000003046350 code [0x0000000003046520, 0x0000000003046d28]
Event: 1.661 Thread 0x000000001792c800  649       3       com.sun.javafx.css.SelectorPartitioning$Slot::access$600 (6 bytes)
Event: 1.662 Thread 0x000000001792c800 nmethod 649 0x0000000003047150 code [0x00000000030472e0, 0x0000000003047788]
Event: 1.662 Thread 0x000000001792c800  650       3       com.sun.javafx.css.SelectorPartitioning$Slot::addSelector (30 bytes)
Event: 1.663 Thread 0x000000001792c800 nmethod 650 0x0000000003047a50 code [0x0000000003047be0, 0x0000000003048048]
Event: 1.663 Thread 0x000000001792c800  645       3       java.util.HashMap::<init> (11 bytes)
Event: 1.663 Thread 0x000000001792c800 nmethod 645 0x000000000303ebd0 code [0x000000000303ed40, 0x000000000303ef50]
Event: 1.666 Thread 0x000000001792c800  653   !   3       java.net.URL::<init> (543 bytes)
Event: 1.667 Thread 0x000000001791b800  654       4       java.lang.String::replace (127 bytes)

GC Heap History (0 events):
No events

Deoptimization events (3 events):
Event: 1.274 Thread 0x0000000019642000 Uncommon trap: reason=unstable_if action=reinterpret pc=0x0000000002f97004 method=java.lang.String.indexOf([CII[CIII)I @ 134
Event: 1.274 Thread 0x0000000019642000 Uncommon trap: reason=unstable_if action=reinterpret pc=0x0000000002f62e8c method=java.lang.String.replace(CC)Ljava/lang/String; @ 26
Event: 1.649 Thread 0x0000000019642000 Uncommon trap: reason=unstable_if action=reinterpret pc=0x0000000003036e80 method=java.util.HashMap.getNode(ILjava/lang/Object;)Ljava/util/HashMap$Node; @ 84

Classes redefined (0 events):
No events

Internal exceptions (10 events):
Event: 0.067 Thread 0x0000000002cae800 Exception <a 'java/lang/NoSuchMethodError': Method sun.misc.Unsafe.prefetchRead(Ljava/lang/Object;J)V name or signature does not match> (0x00000000d5d07f98) thrown at [C:\re\workspace\8-2-build-windows-amd64-cygwin\jdk8u202\12323\hotspot\src\share\vm\prim
Event: 0.370 Thread 0x0000000002cae800 Exception <a 'java/lang/NoSuchFieldError': method resolution failed> (0x00000000d5f3ac08) thrown at [C:\re\workspace\8-2-build-windows-amd64-cygwin\jdk8u202\12323\hotspot\src\share\vm\prims\methodHandles.cpp, line 1167]
Event: 0.375 Thread 0x0000000002cae800 Exception <a 'java/lang/NoSuchFieldError': method resolution failed> (0x00000000d5f47f88) thrown at [C:\re\workspace\8-2-build-windows-amd64-cygwin\jdk8u202\12323\hotspot\src\share\vm\prims\methodHandles.cpp, line 1167]
Event: 0.425 Thread 0x0000000002cae800 Exception <a 'java/security/PrivilegedActionException'> (0x00000000d5fd2ba8) thrown at [C:\re\workspace\8-2-build-windows-amd64-cygwin\jdk8u202\12323\hotspot\src\share\vm\prims\jvm.cpp, line 1502]
Event: 0.425 Thread 0x0000000002cae800 Exception <a 'java/security/PrivilegedActionException'> (0x00000000d5fd2db8) thrown at [C:\re\workspace\8-2-build-windows-amd64-cygwin\jdk8u202\12323\hotspot\src\share\vm\prims\jvm.cpp, line 1502]
Event: 0.427 Thread 0x0000000002cae800 Exception <a 'java/security/PrivilegedActionException'> (0x00000000d5fd6cc8) thrown at [C:\re\workspace\8-2-build-windows-amd64-cygwin\jdk8u202\12323\hotspot\src\share\vm\prims\jvm.cpp, line 1502]
Event: 0.427 Thread 0x0000000002cae800 Exception <a 'java/security/PrivilegedActionException'> (0x00000000d5fd6ed8) thrown at [C:\re\workspace\8-2-build-windows-amd64-cygwin\jdk8u202\12323\hotspot\src\share\vm\prims\jvm.cpp, line 1502]
Event: 0.427 Thread 0x0000000002cae800 Exception <a 'java/lang/NullPointerException'> (0x00000000d5fd74b0) thrown at [C:\re\workspace\8-2-build-windows-amd64-cygwin\jdk8u202\12323\hotspot\src\share\vm\interpreter\linkResolver.cpp, line 1185]
Event: 1.432 Thread 0x0000000019642000 Exception <a 'java/lang/NullPointerException'> (0x00000000d6974570) thrown at [C:\re\workspace\8-2-build-windows-amd64-cygwin\jdk8u202\12323\hotspot\src\share\vm\interpreter\linkResolver.cpp, line 1185]
Event: 1.432 Thread 0x0000000019642000 Exception <a 'java/lang/NullPointerException'> (0x00000000d6974570) thrown at [C:\re\workspace\8-2-build-windows-amd64-cygwin\jdk8u202\12323\hotspot\src\share\vm\prims\jvm.cpp, line 1506]

Events (10 events):
Event: 1.668 loading class com/sun/javafx/scene/layout/region/BorderImageSliceConverter
Event: 1.668 loading class com/sun/javafx/scene/layout/region/BorderImageSliceConverter done
Event: 1.669 loading class com/sun/javafx/scene/layout/region/BorderImageWidthConverter
Event: 1.669 loading class com/sun/javafx/scene/layout/region/BorderImageWidthConverter done
Event: 1.669 loading class com/sun/javafx/scene/layout/region/BorderImageWidthsSequenceConverter
Event: 1.669 loading class com/sun/javafx/scene/layout/region/BorderImageWidthsSequenceConverter done
Event: 1.669 loading class com/sun/javafx/scene/layout/region/BorderStrokeStyleSequenceConverter
Event: 1.669 loading class com/sun/javafx/scene/layout/region/BorderStrokeStyleSequenceConverter done
Event: 1.669 loading class com/sun/javafx/scene/layout/region/BorderStyleConverter
Event: 1.669 loading class com/sun/javafx/scene/layout/region/BorderStyleConverter done


Dynamic libraries:
0x00007ff646720000 - 0x00007ff646757000 	C:\Program Files\Java\jdk1.8.0_202\bin\java.exe
0x00007ffff69f0000 - 0x00007ffff6be8000 	C:\WINDOWS\SYSTEM32\ntdll.dll
0x00007ffff4a30000 - 0x00007ffff4aef000 	C:\WINDOWS\System32\KERNEL32.DLL
0x00007ffff40e0000 - 0x00007ffff43b2000 	C:\WINDOWS\System32\KERNELBASE.dll
0x00000000675d0000 - 0x0000000067901000 	C:\Program Files\Norton Security\NortonData\22.22.8.15\Definitions\IPSDefs\20230214.001\IPSEng64.dll
0x00007ffff5d30000 - 0x00007ffff5dde000 	C:\WINDOWS\System32\ADVAPI32.dll
0x00007ffff4c40000 - 0x00007ffff4cde000 	C:\WINDOWS\System32\msvcrt.dll
0x00007ffff4e90000 - 0x00007ffff4f2c000 	C:\WINDOWS\System32\sechost.dll
0x00007ffff5de0000 - 0x00007ffff5f05000 	C:\WINDOWS\System32\RPCRT4.dll
0x00007ffff5500000 - 0x00007ffff5508000 	C:\WINDOWS\System32\PSAPI.DLL
0x00007ffff4ce0000 - 0x00007ffff4e81000 	C:\WINDOWS\System32\USER32.dll
0x00007ffff4800000 - 0x00007ffff4822000 	C:\WINDOWS\System32\win32u.dll
0x00007ffff5020000 - 0x00007ffff504b000 	C:\WINDOWS\System32\GDI32.dll
0x00007ffff46f0000 - 0x00007ffff47ff000 	C:\WINDOWS\System32\gdi32full.dll
0x00007ffff43c0000 - 0x00007ffff445d000 	C:\WINDOWS\System32\msvcp_win.dll
0x00007ffff4830000 - 0x00007ffff4930000 	C:\WINDOWS\System32\ucrtbase.dll
0x00007fffd0ff0000 - 0x00007fffd128a000 	C:\WINDOWS\WinSxS\amd64_microsoft.windows.common-controls_6595b64144ccf1df_6.0.19041.1110_none_60b5254171f9507e\COMCTL32.dll
0x00007ffff5130000 - 0x00007ffff5162000 	C:\WINDOWS\System32\IMM32.DLL
0x0000000067910000 - 0x00000000679e2000 	C:\Program Files\Java\jdk1.8.0_202\jre\bin\msvcr100.dll
0x0000000066d20000 - 0x00000000675c5000 	C:\Program Files\Java\jdk1.8.0_202\jre\bin\server\jvm.dll
0x00007fffd9ed0000 - 0x00007fffd9ed9000 	C:\WINDOWS\SYSTEM32\WSOCK32.dll
0x00007ffff5f10000 - 0x00007ffff5f7b000 	C:\WINDOWS\System32\WS2_32.dll
0x00007fffda210000 - 0x00007fffda237000 	C:\WINDOWS\SYSTEM32\WINMM.dll
0x00007fffec460000 - 0x00007fffec46a000 	C:\WINDOWS\SYSTEM32\VERSION.dll
0x00007fffcc650000 - 0x00007fffcc65f000 	C:\Program Files\Java\jdk1.8.0_202\jre\bin\verify.dll
0x00007fffb4bd0000 - 0x00007fffb4bf9000 	C:\Program Files\Java\jdk1.8.0_202\jre\bin\java.dll
0x00007fffc4ae0000 - 0x00007fffc4af6000 	C:\Program Files\Java\jdk1.8.0_202\jre\bin\zip.dll
0x00007ffff5f80000 - 0x00007ffff66c4000 	C:\WINDOWS\System32\SHELL32.dll
0x00007ffff1de0000 - 0x00007ffff2572000 	C:\WINDOWS\SYSTEM32\windows.storage.dll
0x00007ffff51a0000 - 0x00007ffff54f5000 	C:\WINDOWS\System32\combase.dll
0x00007ffff3a60000 - 0x00007ffff3a90000 	C:\WINDOWS\SYSTEM32\Wldp.dll
0x00007ffff66d0000 - 0x00007ffff677d000 	C:\WINDOWS\System32\SHCORE.dll
0x00007ffff5730000 - 0x00007ffff5785000 	C:\WINDOWS\System32\shlwapi.dll
0x00007ffff4020000 - 0x00007ffff403f000 	C:\WINDOWS\SYSTEM32\profapi.dll
0x0000000002990000 - 0x0000000002993000 	C:\Program Files\Java\jdk1.8.0_202\jre\bin\api-ms-win-core-console-l1-1-0.dll
0x00000000029a0000 - 0x00000000029a3000 	C:\Program Files\Java\jdk1.8.0_202\jre\bin\api-ms-win-core-datetime-l1-1-0.dll
0x00000000029b0000 - 0x00000000029b3000 	C:\Program Files\Java\jdk1.8.0_202\jre\bin\api-ms-win-core-debug-l1-1-0.dll
0x00000000029c0000 - 0x00000000029c3000 	C:\Program Files\Java\jdk1.8.0_202\jre\bin\api-ms-win-core-errorhandling-l1-1-0.dll
0x00000000029d0000 - 0x00000000029d4000 	C:\Program Files\Java\jdk1.8.0_202\jre\bin\api-ms-win-core-file-l1-1-0.dll
0x00000000029e0000 - 0x00000000029e3000 	C:\Program Files\Java\jdk1.8.0_202\jre\bin\api-ms-win-core-file-l1-2-0.dll
0x0000000002c00000 - 0x0000000002c03000 	C:\Program Files\Java\jdk1.8.0_202\jre\bin\api-ms-win-core-file-l2-1-0.dll
0x0000000002c10000 - 0x0000000002c13000 	C:\Program Files\Java\jdk1.8.0_202\jre\bin\api-ms-win-core-handle-l1-1-0.dll
0x0000000002c20000 - 0x0000000002c23000 	C:\Program Files\Java\jdk1.8.0_202\jre\bin\api-ms-win-core-heap-l1-1-0.dll
0x0000000002c30000 - 0x0000000002c33000 	C:\Program Files\Java\jdk1.8.0_202\jre\bin\api-ms-win-core-interlocked-l1-1-0.dll
0x0000000002c40000 - 0x0000000002c43000 	C:\Program Files\Java\jdk1.8.0_202\jre\bin\api-ms-win-core-libraryloader-l1-1-0.dll
0x0000000002c50000 - 0x0000000002c53000 	C:\Program Files\Java\jdk1.8.0_202\jre\bin\api-ms-win-core-localization-l1-2-0.dll
0x0000000002c60000 - 0x0000000002c63000 	C:\Program Files\Java\jdk1.8.0_202\jre\bin\api-ms-win-core-memory-l1-1-0.dll
0x0000000002c70000 - 0x0000000002c73000 	C:\Program Files\Java\jdk1.8.0_202\jre\bin\api-ms-win-core-namedpipe-l1-1-0.dll
0x0000000002c80000 - 0x0000000002c83000 	C:\Program Files\Java\jdk1.8.0_202\jre\bin\api-ms-win-core-processenvironment-l1-1-0.dll
0x0000000002c90000 - 0x0000000002c93000 	C:\Program Files\Java\jdk1.8.0_202\jre\bin\api-ms-win-core-processthreads-l1-1-0.dll
0x0000000019860000 - 0x0000000019863000 	C:\Program Files\Java\jdk1.8.0_202\jre\bin\api-ms-win-core-processthreads-l1-1-1.dll
0x0000000019870000 - 0x0000000019873000 	C:\Program Files\Java\jdk1.8.0_202\jre\bin\api-ms-win-core-profile-l1-1-0.dll
0x0000000019880000 - 0x0000000019883000 	C:\Program Files\Java\jdk1.8.0_202\jre\bin\api-ms-win-core-rtlsupport-l1-1-0.dll
0x0000000019890000 - 0x0000000019893000 	C:\Program Files\Java\jdk1.8.0_202\jre\bin\api-ms-win-core-string-l1-1-0.dll
0x00000000198a0000 - 0x00000000198a3000 	C:\Program Files\Java\jdk1.8.0_202\jre\bin\api-ms-win-core-synch-l1-1-0.dll
0x00000000198b0000 - 0x00000000198b3000 	C:\Program Files\Java\jdk1.8.0_202\jre\bin\api-ms-win-core-synch-l1-2-0.dll
0x00000000198c0000 - 0x00000000198c3000 	C:\Program Files\Java\jdk1.8.0_202\jre\bin\api-ms-win-core-sysinfo-l1-1-0.dll
0x00000000198d0000 - 0x00000000198d3000 	C:\Program Files\Java\jdk1.8.0_202\jre\bin\api-ms-win-core-timezone-l1-1-0.dll
0x00000000198e0000 - 0x00000000198e3000 	C:\Program Files\Java\jdk1.8.0_202\jre\bin\api-ms-win-core-util-l1-1-0.dll
0x00000000198f0000 - 0x00000000198f3000 	C:\Program Files\Java\jdk1.8.0_202\jre\bin\api-ms-win-crt-conio-l1-1-0.dll
0x0000000019900000 - 0x0000000019904000 	C:\Program Files\Java\jdk1.8.0_202\jre\bin\api-ms-win-crt-convert-l1-1-0.dll
0x0000000019910000 - 0x0000000019913000 	C:\Program Files\Java\jdk1.8.0_202\jre\bin\api-ms-win-crt-environment-l1-1-0.dll
0x0000000019920000 - 0x0000000019923000 	C:\Program Files\Java\jdk1.8.0_202\jre\bin\api-ms-win-crt-filesystem-l1-1-0.dll
0x0000000019930000 - 0x0000000019933000 	C:\Program Files\Java\jdk1.8.0_202\jre\bin\api-ms-win-crt-heap-l1-1-0.dll
0x0000000019940000 - 0x0000000019943000 	C:\Program Files\Java\jdk1.8.0_202\jre\bin\api-ms-win-crt-locale-l1-1-0.dll
0x0000000019950000 - 0x0000000019955000 	C:\Program Files\Java\jdk1.8.0_202\jre\bin\api-ms-win-crt-math-l1-1-0.dll
0x0000000019960000 - 0x0000000019965000 	C:\Program Files\Java\jdk1.8.0_202\jre\bin\api-ms-win-crt-multibyte-l1-1-0.dll
0x0000000019970000 - 0x0000000019980000 	C:\Program Files\Java\jdk1.8.0_202\jre\bin\api-ms-win-crt-private-l1-1-0.dll
0x0000000019980000 - 0x0000000019983000 	C:\Program Files\Java\jdk1.8.0_202\jre\bin\api-ms-win-crt-process-l1-1-0.dll
0x0000000019990000 - 0x0000000019994000 	C:\Program Files\Java\jdk1.8.0_202\jre\bin\api-ms-win-crt-runtime-l1-1-0.dll
0x00000000199a0000 - 0x00000000199a4000 	C:\Program Files\Java\jdk1.8.0_202\jre\bin\api-ms-win-crt-stdio-l1-1-0.dll
0x00000000199b0000 - 0x00000000199b4000 	C:\Program Files\Java\jdk1.8.0_202\jre\bin\api-ms-win-crt-string-l1-1-0.dll
0x00000000199c0000 - 0x00000000199c3000 	C:\Program Files\Java\jdk1.8.0_202\jre\bin\api-ms-win-crt-time-l1-1-0.dll
0x00000000199d0000 - 0x00000000199d3000 	C:\Program Files\Java\jdk1.8.0_202\jre\bin\api-ms-win-crt-utility-l1-1-0.dll
0x00007fff97950000 - 0x00007fff97a46000 	C:\Program Files\Java\jdk1.8.0_202\jre\bin\ucrtbase.dll
0x00007fffb3800000 - 0x00007fffb3816000 	C:\Program Files\Java\jdk1.8.0_202\jre\bin\vcruntime140.dll
0x00007fff9b510000 - 0x00007fff9b5ac000 	C:\Program Files\Java\jdk1.8.0_202\jre\bin\msvcp140.dll
0x00007fffa3650000 - 0x00007fffa36a1000 	C:\Program Files\Java\jdk1.8.0_202\jre\bin\concrt140.dll
0x00007fffaa2d0000 - 0x00007fffaa2f3000 	C:\Program Files\Java\jdk1.8.0_202\jre\bin\prism_d3d.dll
0x00007fff99240000 - 0x00007fff9940e000 	C:\WINDOWS\system32\d3d9.dll
0x00007ffff2930000 - 0x00007ffff2942000 	C:\WINDOWS\SYSTEM32\kernel.appcore.dll
0x00007ffff1af0000 - 0x00007ffff1b1f000 	C:\WINDOWS\SYSTEM32\dwmapi.dll
0x00007ffff1730000 - 0x00007ffff17ce000 	C:\WINDOWS\system32\uxtheme.dll
0x00007fff952e0000 - 0x00007fff9548c000 	C:\WINDOWS\System32\DriverStore\FileRepository\iigd_dch.inf_amd64_9b53505f87f3498b\igdumdim64.dll
0x00007ffff5c00000 - 0x00007ffff5d2a000 	C:\WINDOWS\System32\ole32.dll
0x00007fff6cd70000 - 0x00007fff715d4000 	C:\WINDOWS\System32\DriverStore\FileRepository\iigd_dch.inf_amd64_9b53505f87f3498b\igd9dxva64.dll
0x00007ffff4af0000 - 0x00007ffff4bbd000 	C:\WINDOWS\System32\OLEAUT32.dll
0x00007ffff5790000 - 0x00007ffff5bf8000 	C:\WINDOWS\System32\SETUPAPI.dll
0x00007ffff46a0000 - 0x00007ffff46ee000 	C:\WINDOWS\System32\cfgmgr32.dll
0x00007ffff45c0000 - 0x00007ffff45e7000 	C:\WINDOWS\System32\bcrypt.dll
0x00007fffea8b0000 - 0x00007fffeacb9000 	C:\WINDOWS\System32\DriverStore\FileRepository\iigd_dch.inf_amd64_9b53505f87f3498b\igdgmm64.dll
0x00007fffa9710000 - 0x00007fffa9759000 	C:\Program Files\Java\jdk1.8.0_202\jre\bin\glass.dll
0x00007ffff5050000 - 0x00007ffff512a000 	C:\WINDOWS\System32\COMDLG32.dll
0x00007ffff6890000 - 0x00007ffff69a5000 	C:\WINDOWS\System32\MSCTF.dll
0x00007ffff49a0000 - 0x00007ffff4a22000 	C:\WINDOWS\System32\bcryptPrimitives.dll
0x00007fffae9a0000 - 0x00007fffae9c7000 	C:\WINDOWS\System32\DriverStore\FileRepository\iigd_dch.inf_amd64_9b53505f87f3498b\igdinfo64.dll
0x00007fffbd440000 - 0x00007fffbd454000 	C:\Program Files\Java\jdk1.8.0_202\jre\bin\javafx_font.dll

VM Arguments:
jvm_args: -Dfile.encoding=UTF-8 
java_command: C:\Users\adamm\OneDrive - University College Cork\IS2209\JavaFXProject\dist\run823532003\JavaFXProject.jar
java_class_path (initial): C:\Users\adamm\OneDrive - University College Cork\IS2209\JavaFXProject\dist\run823532003\JavaFXProject.jar
Launcher Type: SUN_STANDARD

Environment Variables:
PATH=C:\Program Files (x86)\Common Files\Oracle\Java\javapath;C:\Program Files\Common Files\Oracle\Java\javapath;C:\WINDOWS\system32;C:\WINDOWS;C:\WINDOWS\System32\Wbem;C:\WINDOWS\System32\WindowsPowerShell\v1.0\;C:\WINDOWS\System32\OpenSSH\;C:\Program Files\Microsoft SQL Server\130\Tools\Binn\;C:\Program Files\Microsoft SQL Server\Client SDK\ODBC\170\Tools\Binn\;C:\Program Files\dotnet\;C:\Program Files\Microsoft SQL Server\150\Tools\Binn\;C:\Program Files (x86)\Microsoft SQL Server\150\Tools\Binn\;C:\Program Files\Microsoft SQL Server\150\DTS\Binn\;C:\Users\adamm\AppData\Local\Microsoft\WindowsApps;C:\Users\adamm\.dotnet\tools
USERNAME=adamm
OS=Windows_NT
PROCESSOR_IDENTIFIER=Intel64 Family 6 Model 142 Stepping 9, GenuineIntel



---------------  S Y S T E M  ---------------

OS: Windows 10.0 , 64 bit Build 19041 (10.0.19041.2364)

CPU:total 4 (initial active 4) (2 cores per cpu, 2 threads per core) family 6 model 142 stepping 9, cmov, cx8, fxsr, mmx, sse, sse2, sse3, ssse3, sse4.1, sse4.2, popcnt, avx, avx2, aes, clmul, erms, 3dnowpref, lzcnt, ht, tsc, tscinvbit, bmi1, bmi2, adx

Memory: 4k page, physical 8297572k(630096k free), swap 23817532k(6368k free)

vm_info: Java HotSpot(TM) 64-Bit Server VM (25.202-b08) for windows-amd64 JRE (1.8.0_202-b08), built on Dec 15 2018 19:54:30 by "java_re" with MS VC++ 10.0 (VS2010)

time: Thu Feb 16 08:13:09 2023
timezone: GMT Standard Time
elapsed time: 1 seconds (0d 0h 0m 1s)

