#
# There is insufficient memory for the Java Runtime Environment to continue.
# Native memory allocation (malloc) failed to allocate 1048576 bytes for AllocateHeap
# Possible reasons:
#   The system is out of physical RAM or swap space
#   The process is running with CompressedOops enabled, and the Java Heap may be blocking the growth of the native heap
# Possible solutions:
#   Reduce memory load on the system
#   Increase physical memory or swap space
#   Check if swap backing store is full
#   Decrease Java heap size (-Xmx/-Xms)
#   Decrease number of Java threads
#   Decrease Java thread stack sizes (-Xss)
#   Set larger code cache with -XX:ReservedCodeCacheSize=
#   JVM is running with Unscaled Compressed Oops mode in which the Java heap is
#     placed in the first 4GB address space. The Java Heap base address is the
#     maximum limit for the native heap growth. Please use -XX:HeapBaseMinAddress
#     to set the Java Heap base and to place the Java Heap above 4GB virtual address.
# This output file may be truncated or incomplete.
#
#  Out of Memory Error (memory/allocation.inline.hpp:61), pid=14648, tid=0x00000000000046fc
#
# JRE version:  (8.0_202-b08) (build )
# Java VM: Java HotSpot(TM) 64-Bit Server VM (25.202-b08 mixed mode windows-amd64 compressed oops)
# Failed to write core dump. Minidumps are not enabled by default on client versions of Windows
#

---------------  T H R E A D  ---------------

Current thread (0x0000000002eb1800):  JavaThread "Unknown thread" [_thread_in_vm, id=18172, stack(0x0000000002d90000,0x0000000002e90000)]

Stack: [0x0000000002d90000,0x0000000002e90000]
[error occurred during error reporting (printing stack bounds), id 0xc0000005]

Native frames: (J=compiled Java code, j=interpreted, Vv=VM code, C=native code)


---------------  P R O C E S S  ---------------

Java Threads: ( => current thread )

Other Threads:

=>0x0000000002eb1800 (exited) JavaThread "Unknown thread" [_thread_in_vm, id=18172, stack(0x0000000002d90000,0x0000000002e90000)]

VM state:not at safepoint (normal execution)

VM Mutex/Monitor currently owned by a thread: None

heap address: 0x0000000081600000, size: 2026 MB, Compressed Oops mode: 32-bit
Narrow klass base: 0x0000000000000000, Narrow klass shift: 3
Compressed class space size: 1073741824 Address: 0x0000000100000000

Heap:
 PSYoungGen      total 38400K, used 665K [0x00000000d5d00000, 0x00000000d8780000, 0x0000000100000000)
  eden space 33280K, 2% used [0x00000000d5d00000,0x00000000d5da6670,0x00000000d7d80000)
  from space 5120K, 0% used [0x00000000d8280000,0x00000000d8280000,0x00000000d8780000)
  to   space 5120K, 0% used [0x00000000d7d80000,0x00000000d7d80000,0x00000000d8280000)
 ParOldGen       total 87552K, used 0K [0x0000000081600000, 0x0000000086b80000, 0x00000000d5d00000)
  object space 87552K, 0% used [0x0000000081600000,0x0000000081600000,0x0000000086b80000)
 Metaspace       used 775K, capacity 4480K, committed 4480K, reserved 1056768K
  class space    used 76K, capacity 384K, committed 384K, reserved 1048576K

Card table byte_map: [0x0000000012380000,0x0000000012780000] byte_map_base: 0x0000000011f75000

Marking Bits: (ParMarkBitMap*) 0x0000000067545ce0
 Begin Bits: [0x0000000012e30000, 0x0000000014dd8000)
 End Bits:   [0x0000000014dd8000, 0x0000000016d80000)

Polling page: 0x00000000014d0000

CodeCache: size=245760Kb used=328Kb max_used=328Kb free=245431Kb
 bounds [0x0000000002fc0000, 0x0000000003230000, 0x0000000011fc0000]
 total_blobs=58 nmethods=0 adapters=38
 compilation: enabled

Compilation events (0 events):
No events

GC Heap History (0 events):
No events

Deoptimization events (0 events):
No events

Classes redefined (0 events):
No events

Internal exceptions (0 events):
No events

Events (10 events):
Event: 0.047 loading class java/lang/Short
Event: 0.047 loading class java/lang/Short done
Event: 0.047 loading class java/lang/Integer
Event: 0.047 loading class java/lang/Integer done
Event: 0.047 loading class java/lang/Long
Event: 0.047 loading class java/lang/Long done
Event: 0.048 loading class java/lang/NullPointerException
Event: 0.048 loading class java/lang/NullPointerException done
Event: 0.048 loading class java/lang/ArithmeticException
Event: 0.048 loading class java/lang/ArithmeticException done


Dynamic libraries:
0x00007ff646720000 - 0x00007ff646757000 	C:\Program Files\Java\jdk1.8.0_202\bin\java.exe
0x00007ffff69f0000 - 0x00007ffff6be8000 	C:\WINDOWS\SYSTEM32\ntdll.dll
0x00007ffff4a30000 - 0x00007ffff4aef000 	C:\WINDOWS\System32\KERNEL32.DLL
0x00007ffff40e0000 - 0x00007ffff43b2000 	C:\WINDOWS\System32\KERNELBASE.dll
0x00000000675d0000 - 0x0000000067901000 	C:\Program Files\Norton Security\NortonData\22.22.8.15\Definitions\IPSDefs\20230214.001\IPSEng64.dll
0x00007ffff5d30000 - 0x00007ffff5dde000 	C:\WINDOWS\System32\ADVAPI32.dll
0x00007ffff4c40000 - 0x00007ffff4cde000 	C:\WINDOWS\System32\msvcrt.dll
0x00007ffff4e90000 - 0x00007ffff4f2c000 	C:\WINDOWS\System32\sechost.dll
0x00007ffff5de0000 - 0x00007ffff5f05000 	C:\WINDOWS\System32\RPCRT4.dll
0x00007ffff5500000 - 0x00007ffff5508000 	C:\WINDOWS\System32\PSAPI.DLL
0x00007ffff4ce0000 - 0x00007ffff4e81000 	C:\WINDOWS\System32\USER32.dll
0x00007ffff4800000 - 0x00007ffff4822000 	C:\WINDOWS\System32\win32u.dll
0x00007ffff5020000 - 0x00007ffff504b000 	C:\WINDOWS\System32\GDI32.dll
0x00007ffff46f0000 - 0x00007ffff47ff000 	C:\WINDOWS\System32\gdi32full.dll
0x00007ffff43c0000 - 0x00007ffff445d000 	C:\WINDOWS\System32\msvcp_win.dll
0x00007ffff4830000 - 0x00007ffff4930000 	C:\WINDOWS\System32\ucrtbase.dll
0x00007fffd0ff0000 - 0x00007fffd128a000 	C:\WINDOWS\WinSxS\amd64_microsoft.windows.common-controls_6595b64144ccf1df_6.0.19041.1110_none_60b5254171f9507e\COMCTL32.dll
0x00007ffff5130000 - 0x00007ffff5162000 	C:\WINDOWS\System32\IMM32.DLL
0x0000000067910000 - 0x00000000679e2000 	C:\Program Files\Java\jdk1.8.0_202\jre\bin\msvcr100.dll
0x0000000066d20000 - 0x00000000675c5000 	C:\Program Files\Java\jdk1.8.0_202\jre\bin\server\jvm.dll
0x00007fffda210000 - 0x00007fffda237000 	C:\WINDOWS\SYSTEM32\WINMM.dll
0x00007fffd9ed0000 - 0x00007fffd9ed9000 	C:\WINDOWS\SYSTEM32\WSOCK32.dll
0x00007fffec460000 - 0x00007fffec46a000 	C:\WINDOWS\SYSTEM32\VERSION.dll
0x00007ffff5f10000 - 0x00007ffff5f7b000 	C:\WINDOWS\System32\WS2_32.dll
0x00007fffcc650000 - 0x00007fffcc65f000 	C:\Program Files\Java\jdk1.8.0_202\jre\bin\verify.dll
0x00007fffb4bd0000 - 0x00007fffb4bf9000 	C:\Program Files\Java\jdk1.8.0_202\jre\bin\java.dll
0x00007fffc4ae0000 - 0x00007fffc4af6000 	C:\Program Files\Java\jdk1.8.0_202\jre\bin\zip.dll

VM Arguments:
java_command: <unknown>
java_class_path (initial): .
Launcher Type: SUN_STANDARD

Environment Variables:
PATH=C:\Program Files (x86)\Common Files\Oracle\Java\javapath;C:\Program Files\Common Files\Oracle\Java\javapath;C:\WINDOWS\system32;C:\WINDOWS;C:\WINDOWS\System32\Wbem;C:\WINDOWS\System32\WindowsPowerShell\v1.0\;C:\WINDOWS\System32\OpenSSH\;C:\Program Files\Microsoft SQL Server\130\Tools\Binn\;C:\Program Files\Microsoft SQL Server\Client SDK\ODBC\170\Tools\Binn\;C:\Program Files\dotnet\;C:\Program Files\Microsoft SQL Server\150\Tools\Binn\;C:\Program Files (x86)\Microsoft SQL Server\150\Tools\Binn\;C:\Program Files\Microsoft SQL Server\150\DTS\Binn\;C:\Users\adamm\AppData\Local\Microsoft\WindowsApps;C:\Users\adamm\.dotnet\tools
USERNAME=adamm
OS=Windows_NT
PROCESSOR_IDENTIFIER=Intel64 Family 6 Model 142 Stepping 9, GenuineIntel



---------------  S Y S T E M  ---------------

OS: Windows 10.0 , 64 bit Build 19041 (10.0.19041.2364)

CPU:total 4 (initial active 4) (2 cores per cpu, 2 threads per core) family 6 model 142 stepping 9, cmov, cx8, fxsr, mmx, sse, sse2, sse3, ssse3, sse4.1, sse4.2, popcnt, avx, avx2, aes, clmul, erms, 3dnowpref, lzcnt, ht, tsc, tscinvbit, bmi1, bmi2, adx

Memory: 4k page, physical 8297572k(641348k free), swap 23817532k(6108k free)

vm_info: Java HotSpot(TM) 64-Bit Server VM (25.202-b08) for windows-amd64 JRE (1.8.0_202-b08), built on Dec 15 2018 19:54:30 by "java_re" with MS VC++ 10.0 (VS2010)

time: Wed Feb 15 13:49:30 2023
timezone: GMT Standard Time
elapsed time: 0 seconds (0d 0h 0m 0s)

